 
****************************************
Report : timing
        -path full
        -delay max
        -max_paths 1
Design : geofence
Version: R-2020.09
Date   : Fri Mar 10 19:19:39 2023
****************************************

Operating Conditions: slow   Library: slow
Wire Load Model Mode: top

  Startpoint: cnt_reg[0] (rising edge-triggered flip-flop clocked by clk)
  Endpoint: pointer_reg[0]
            (rising edge-triggered flip-flop clocked by clk)
  Path Group: clk
  Path Type: max

  Des/Clust/Port     Wire Load Model       Library
  ------------------------------------------------
  geofence           tsmc13_wl10           slow

  Point                                                   Incr       Path
  --------------------------------------------------------------------------
  clock clk (rise edge)                                   0.00       0.00
  clock network delay (ideal)                             0.50       0.50
  cnt_reg[0]/CK (DFFRX2)                                  0.00       0.50 r
  cnt_reg[0]/QN (DFFRX2)                                  0.58       1.08 f
  U2202/Y (NOR2XL)                                        0.74       1.82 r
  U2345/Y (CLKINVX1)                                      0.57       2.39 f
  U2219/Y (NOR2X1)                                        0.87       3.26 r
  U2346/Y (CLKINVX1)                                      0.52       3.78 f
  U2273/Y (NOR2X1)                                        0.70       4.48 r
  U2262/Y (CLKBUFX3)                                      0.72       5.21 r
  U2438/Y (AOI222XL)                                      0.34       5.54 f
  U2437/Y (NAND2X1)                                       0.57       6.11 r
  sub_59/B[0] (geofence_DW01_sub_3)                       0.00       6.11 r
  sub_59/U5/Y (NAND2X1)                                   0.24       6.35 f
  sub_59/U2_1/CO (ADDFX2)                                 0.40       6.75 f
  sub_59/U2_2/CO (ADDFXL)                                 0.49       7.24 f
  sub_59/U2_3/S (ADDFXL)                                  1.01       8.26 r
  sub_59/DIFF[3] (geofence_DW01_sub_3)                    0.00       8.26 r
  mult_59/a[3] (geofence_DW_mult_tc_0)                    0.00       8.26 r
  mult_59/U466/Y (XOR2X1)                                 0.45       8.71 r
  mult_59/U299/Y (NAND2X1)                                0.17       8.88 f
  mult_59/U298/Y (CLKBUFX3)                               0.62       9.50 f
  mult_59/U359/Y (OAI22XL)                                0.55      10.05 r
  mult_59/U62/S (ADDHXL)                                  0.53      10.59 r
  mult_59/U22/S (ADDFXL)                                  0.87      11.46 r
  mult_59/product[3] (geofence_DW_mult_tc_0)              0.00      11.46 r
  sub_59_5/A[3] (geofence_DW01_sub_0)                     0.00      11.46 r
  sub_59_5/U10/Y (CLKINVX1)                               0.25      11.71 f
  sub_59_5/U47/Y (AND2X1)                                 0.31      12.02 f
  sub_59_5/U46/Y (OAI22XL)                                0.80      12.82 r
  sub_59_5/U45/Y (NOR2X1)                                 0.26      13.08 f
  sub_59_5/U44/Y (AOI2BB2X1)                              0.41      13.48 f
  sub_59_5/U43/Y (AND2X1)                                 0.35      13.83 f
  sub_59_5/U42/Y (OAI22XL)                                0.80      14.63 r
  sub_59_5/U41/Y (NOR2X1)                                 0.26      14.89 f
  sub_59_5/U40/Y (AOI2BB2X1)                              0.41      15.30 f
  sub_59_5/U39/Y (AND2X1)                                 0.35      15.65 f
  sub_59_5/U38/Y (OAI22XL)                                0.80      16.45 r
  sub_59_5/U37/Y (NOR2X1)                                 0.26      16.71 f
  sub_59_5/U36/Y (AOI2BB2X1)                              0.41      17.11 f
  sub_59_5/U35/Y (AND2X1)                                 0.35      17.46 f
  sub_59_5/U34/Y (OAI22XL)                                0.80      18.26 r
  sub_59_5/U33/Y (NOR2X1)                                 0.26      18.52 f
  sub_59_5/U32/Y (AOI2BB2X1)                              0.41      18.93 f
  sub_59_5/U31/Y (AND2X1)                                 0.35      19.27 f
  sub_59_5/U30/Y (OAI22XL)                                0.80      20.07 r
  sub_59_5/U29/Y (NOR2X1)                                 0.26      20.34 f
  sub_59_5/U28/Y (AOI2BB2X1)                              0.41      20.74 f
  sub_59_5/U27/Y (AND2X1)                                 0.35      21.09 f
  sub_59_5/U26/Y (OAI22XL)                                0.80      21.89 r
  sub_59_5/U25/Y (NOR2X1)                                 0.26      22.15 f
  sub_59_5/U24/Y (AOI2BB2X1)                              0.41      22.55 f
  sub_59_5/U23/Y (AND2X1)                                 0.35      22.90 f
  sub_59_5/U22/Y (OAI22XL)                                0.80      23.70 r
  sub_59_5/U21/Y (NOR2X1)                                 0.26      23.96 f
  sub_59_5/U20/Y (AOI2BB2X1)                              0.41      24.37 f
  sub_59_5/U19/Y (AND2X1)                                 0.35      24.72 f
  sub_59_5/U18/Y (OAI22XL)                                0.80      25.52 r
  sub_59_5/U17/Y (NOR2X1)                                 0.26      25.78 f
  sub_59_5/U16/Y (AOI2BB2X1)                              0.41      26.18 f
  sub_59_5/U15/Y (AND2X1)                                 0.35      26.53 f
  sub_59_5/U14/Y (OAI22XL)                                0.76      27.29 r
  sub_59_5/U13/Y (NOR2X1)                                 0.26      27.55 f
  sub_59_5/U12/Y (OAI2BB2XL)                              0.49      28.04 r
  sub_59_5/U2_21/Y (XOR3X1)                               0.51      28.55 r
  sub_59_5/DIFF[21] (geofence_DW01_sub_0)                 0.00      28.55 r
  U2260/Y (CLKINVX1)                                      0.29      28.84 f
  U2327/Y (NAND2X1)                                       0.34      29.19 r
  U2267/Y (NAND3X1)                                       0.32      29.50 f
  U2404/Y (OAI32X1)                                       0.30      29.81 r
  pointer_reg[0]/D (DFFRX2)                               0.00      29.81 r
  data arrival time                                                 29.81

  clock clk (rise edge)                                  30.00      30.00
  clock network delay (ideal)                             0.50      30.50
  clock uncertainty                                      -0.10      30.40
  pointer_reg[0]/CK (DFFRX2)                              0.00      30.40 r
  library setup time                                     -0.22      30.18
  data required time                                                30.18
  --------------------------------------------------------------------------
  data required time                                                30.18
  data arrival time                                                -29.81
  --------------------------------------------------------------------------
  slack (MET)                                                        0.38


1
